-------------------------------------------------------------------------------
Test set: CS2020.assignment1.game.GameTests
-------------------------------------------------------------------------------
Tests run: 1, Failures: 1, Errors: 0, Skipped: 0, Time elapsed: 0.031 s <<< FAILURE! - in CS2020.assignment1.game.GameTests
t2_4(CS2020.assignment1.game.GameTests)  Time elapsed: 0.009 s  <<< FAILURE!
java.lang.AssertionError: [47m[30mT2.4: Something is wrong with your methods. Are you hiding opponnet's ships? Do you extend the GameGrid class?    [0mjava.lang.ArrayIndexOutOfBoundsException: Index -1 out of bounds for length 4
	at CS2020.assignment1.game.GameTests.t2_4(GameTests.java:389)

