-------------------------------------------------------------------------------
Test set: CS2020.assignment1.game.GameTests
-------------------------------------------------------------------------------
Tests run: 11, Failures: 1, Errors: 0, Skipped: 0, Time elapsed: 0.114 s <<< FAILURE! - in CS2020.assignment1.game.GameTests
t3_4(CS2020.assignment1.game.GameTests)  Time elapsed: 0.005 s  <<< FAILURE!
java.lang.AssertionError: [47m[30mT3.4: Something is wrong with you playRound method. Check your code and also code of this test to see what is expected when your method is called.    [0mjava.lang.AssertionError
	at CS2020.assignment1.game.GameTests.t3_4(GameTests.java:535)

