<?xml version="1.0" encoding="UTF-8"?>
<testsuite xmlns:xsi="http://www.w3.org/2001/XMLSchema-instance" xsi:noNamespaceSchemaLocation="https://maven.apache.org/surefire/maven-surefire-plugin/xsd/surefire-test-report.xsd" name="CS2020.assignment1.game.GameTests" time="0.008" tests="2" errors="0" skipped="0" failures="1">
  <properties>
[...]
</properties>
  <testcase name="t2_1" classname="CS2020.assignment1.game.GameTests" time="0.001"/>
  <testcase name="t2_2" classname="CS2020.assignment1.game.GameTests" time="0.001">
    <failure message="&amp;#27;[47m&amp;#27;[30mT2.2: Are you generating the ships based on the parameter passed to the constructor of GameGrid? Do you generate the names of ships as specifiied?   &amp;#27;[0mjava.lang.NullPointerException" type="java.lang.AssertionError"><![CDATA[java.lang.AssertionError: &amp#27;[47m&amp#27;[30mT2.2: Are you generating the ships based on the parameter passed to the constructor of GameGrid? Do you generate the names of ships as specifiied?   &amp#27;[0mjava.lang.NullPointerException
	at CS2020.assignment1.game.GameTests.t2_2(GameTests.java:196)
]]></failure>
  </testcase>
</testsuite>